2026-01-21 18:30:48,326 - db.config - INFO - Database mode: PRODUCTION (using DB_* environment variables)
2026-01-21 18:30:48,358 - db.pool - INFO - Database connection pooling ENABLED: min=1, max=10, timeout=30s
2026-01-21 18:30:48,416 - db.connection_pool - INFO - Database connection pooling ENABLED: min=1, max=10, timeout=30s
2026-01-21 18:30:48,469 - db.db_config - INFO - Database mode: PRODUCTION (using DB_* environment variables)
2026-01-21 18:31:19,174 - db.connection_pool - ERROR - Failed to initialize connection pool: connection to server at "165.22.221.77", port 5432 failed: Connection timed out (0x0000274C/10060)
	Is the server running on that host and accepting TCP/IP connections?
Traceback (most recent call last):
  File "d:\vonage\vonage-voice-agent\v2\db\connection_pool.py", line 104, in _initialize_pool
    _pool = pool.ThreadedConnectionPool(
            ^^^^^^^^^^^^^^^^^^^^^^^^^^^^
  File "D:\vonage\vonage-voice-agent\v2\.venv\Lib\site-packages\psycopg2\pool.py", line 161, in __init__
    AbstractConnectionPool.__init__(
  File "D:\vonage\vonage-voice-agent\v2\.venv\Lib\site-packages\psycopg2\pool.py", line 59, in __init__
    self._connect()
  File "D:\vonage\vonage-voice-agent\v2\.venv\Lib\site-packages\psycopg2\pool.py", line 63, in _connect
    conn = psycopg2.connect(*self._args, **self._kwargs)
           ^^^^^^^^^^^^^^^^^^^^^^^^^^^^^^^^^^^^^^^^^^^^^
  File "D:\vonage\vonage-voice-agent\v2\.venv\Lib\site-packages\psycopg2\__init__.py", line 135, in connect
    conn = _connect(dsn, connection_factory=connection_factory, **kwasync)
           ^^^^^^^^^^^^^^^^^^^^^^^^^^^^^^^^^^^^^^^^^^^^^^^^^^^^^^^^^^^^^^^
psycopg2.OperationalError: connection to server at "165.22.221.77", port 5432 failed: Connection timed out (0x0000274C/10060)
	Is the server running on that host and accepting TCP/IP connections?

2026-01-21 18:31:19,258 - db.connection_pool - WARNING - Database connection failed (attempt 1/6): connection to server at "165.22.221.77", port 5432 failed: Connection timed out (0x0000274C/10060)
	Is the server running on that host and accepting TCP/IP connections?
. Retrying in 2.0s...
2026-01-21 18:31:22,981 - db.connection_pool - INFO - Database connection pool initialized: min=1, max=10, timeout=30s, host=165.22.221.77
2026-01-21 18:36:43,608 - db.config - INFO - Database mode: PRODUCTION (using DB_* environment variables)
2026-01-21 18:36:43,633 - db.pool - INFO - Database connection pooling ENABLED: min=1, max=10, timeout=30s
2026-01-21 18:36:43,657 - db.connection_pool - INFO - Database connection pooling ENABLED: min=1, max=10, timeout=30s
2026-01-21 18:36:43,702 - db.db_config - INFO - Database mode: PRODUCTION (using DB_* environment variables)
2026-01-21 18:36:53,633 - db.connection_pool - INFO - Database connection pool initialized: min=1, max=10, timeout=30s, host=165.22.221.77
